app/build/intermediates/manifest_merge_blame_file/debug/manifest-merger-blame-debug-report.txt
1<?xml version="1.0" encoding="utf-8"?>
2<manifest xmlns:android="http://schemas.android.com/apk/res/android"
3    package="com.pushnotification.galactik"
4    android:versionCode="1"
5    android:versionName="1.0" >
6
7    <uses-sdk
8        android:minSdkVersion="16"
8-->src/main/AndroidManifest.xml
9        android:targetSdkVersion="30" />
9-->src/main/AndroidManifest.xml
10
11    <uses-permission android:name="android.permission.INTERNET" />
11-->[:NotificationLib] AndroidManifest.xml:11:5-67
11-->[:NotificationLib] AndroidManifest.xml:11:22-64
12    <uses-permission android:name="android.permission.ACCESS_NETWORK_STATE" />
12-->[com.google.firebase:firebase-messaging:22.0.0] AndroidManifest.xml:22:5-79
12-->[com.google.firebase:firebase-messaging:22.0.0] AndroidManifest.xml:22:22-76
13    <uses-permission android:name="android.permission.WAKE_LOCK" /> <!-- Required by older versions of Google Play services to create IID tokens -->
13-->[com.google.firebase:firebase-messaging:22.0.0] AndroidManifest.xml:23:5-68
13-->[com.google.firebase:firebase-messaging:22.0.0] AndroidManifest.xml:23:22-65
14    <uses-permission android:name="com.google.android.c2dm.permission.RECEIVE" />
14-->[com.google.firebase:firebase-messaging:22.0.0] AndroidManifest.xml:25:5-82
14-->[com.google.firebase:firebase-messaging:22.0.0] AndroidManifest.xml:25:22-79
15
16    <application
16-->src/main/AndroidManifest.xml:7:5-22:19
17        android:allowBackup="true"
17-->src/main/AndroidManifest.xml:8:9-35
18        android:appComponentFactory="androidx.core.app.CoreComponentFactory"
18-->[androidx.core:core:1.3.1] AndroidManifest.xml:24:18-86
19        android:debuggable="true"
20        android:icon="@mipmap/ic_launcher"
20-->src/main/AndroidManifest.xml:9:9-43
21        android:label="@string/app_name"
21-->src/main/AndroidManifest.xml:10:9-41
22        android:roundIcon="@mipmap/ic_launcher_round"
22-->src/main/AndroidManifest.xml:11:9-54
23        android:supportsRtl="true"
23-->src/main/AndroidManifest.xml:12:9-35
24        android:theme="@style/Theme.PushNotificationSdk" >
24-->src/main/AndroidManifest.xml:13:9-57
25        <activity android:name="com.pushnotification.galactik.MainActivity" >
25-->src/main/AndroidManifest.xml:14:9-20:20
25-->src/main/AndroidManifest.xml:14:19-47
26            <intent-filter>
26-->src/main/AndroidManifest.xml:15:13-19:29
27                <action android:name="android.intent.action.MAIN" />
27-->src/main/AndroidManifest.xml:16:17-69
27-->src/main/AndroidManifest.xml:16:25-66
28
29                <category android:name="android.intent.category.LAUNCHER" />
29-->src/main/AndroidManifest.xml:18:17-77
29-->src/main/AndroidManifest.xml:18:27-74
30            </intent-filter>
31        </activity>
32
33        <service android:name="com.pushnotification.notificationlib.Notification" >
33-->[:NotificationLib] AndroidManifest.xml:14:9-18:19
33-->[:NotificationLib] AndroidManifest.xml:14:18-82
34            <intent-filter>
34-->[:NotificationLib] AndroidManifest.xml:15:13-17:29
35                <action android:name="com.google.firebase.MESSAGING_EVENT" />
35-->[:NotificationLib] AndroidManifest.xml:16:17-78
35-->[:NotificationLib] AndroidManifest.xml:16:25-75
36            </intent-filter>
37        </service>
38
39        <receiver
39-->[com.google.firebase:firebase-messaging:22.0.0] AndroidManifest.xml:28:9-35:20
40            android:name="com.google.firebase.iid.FirebaseInstanceIdReceiver"
40-->[com.google.firebase:firebase-messaging:22.0.0] AndroidManifest.xml:29:13-78
41            android:exported="true"
41-->[com.google.firebase:firebase-messaging:22.0.0] AndroidManifest.xml:30:13-36
42            android:permission="com.google.android.c2dm.permission.SEND" >
42-->[com.google.firebase:firebase-messaging:22.0.0] AndroidManifest.xml:31:13-73
43            <intent-filter>
43-->[com.google.firebase:firebase-messaging:22.0.0] AndroidManifest.xml:32:13-34:29
44                <action android:name="com.google.android.c2dm.intent.RECEIVE" />
44-->[com.google.firebase:firebase-messaging:22.0.0] AndroidManifest.xml:33:17-81
44-->[com.google.firebase:firebase-messaging:22.0.0] AndroidManifest.xml:33:25-78
45            </intent-filter>
46        </receiver>
47        <!--
48             FirebaseMessagingService performs security checks at runtime,
49             but set to not exported to explicitly avoid allowing another app to call it.
50        -->
51        <service
51-->[com.google.firebase:firebase-messaging:22.0.0] AndroidManifest.xml:41:9-48:19
52            android:name="com.google.firebase.messaging.FirebaseMessagingService"
52-->[com.google.firebase:firebase-messaging:22.0.0] AndroidManifest.xml:42:13-82
53            android:directBootAware="true"
53-->[com.google.firebase:firebase-messaging:22.0.0] AndroidManifest.xml:43:13-43
54            android:exported="false" >
54-->[com.google.firebase:firebase-messaging:22.0.0] AndroidManifest.xml:44:13-37
55            <intent-filter android:priority="-500" >
55-->[:NotificationLib] AndroidManifest.xml:15:13-17:29
56                <action android:name="com.google.firebase.MESSAGING_EVENT" />
56-->[:NotificationLib] AndroidManifest.xml:16:17-78
56-->[:NotificationLib] AndroidManifest.xml:16:25-75
57            </intent-filter>
58        </service>
59        <service
59-->[com.google.firebase:firebase-messaging:22.0.0] AndroidManifest.xml:49:9-55:19
60            android:name="com.google.firebase.components.ComponentDiscoveryService"
60-->[com.google.firebase:firebase-messaging:22.0.0] AndroidManifest.xml:50:13-84
61            android:directBootAware="true"
61-->[com.google.firebase:firebase-common:20.0.0] AndroidManifest.xml:35:13-43
62            android:exported="false" >
62-->[com.google.firebase:firebase-messaging:22.0.0] AndroidManifest.xml:51:13-37
63            <meta-data
63-->[com.google.firebase:firebase-messaging:22.0.0] AndroidManifest.xml:52:13-54:85
64                android:name="com.google.firebase.components:com.google.firebase.messaging.FirebaseMessagingRegistrar"
64-->[com.google.firebase:firebase-messaging:22.0.0] AndroidManifest.xml:53:17-119
65                android:value="com.google.firebase.components.ComponentRegistrar" />
65-->[com.google.firebase:firebase-messaging:22.0.0] AndroidManifest.xml:54:17-82
66            <meta-data
66-->[com.google.firebase:firebase-datatransport:18.0.0] AndroidManifest.xml:28:13-30:85
67                android:name="com.google.firebase.components:com.google.firebase.datatransport.TransportRegistrar"
67-->[com.google.firebase:firebase-datatransport:18.0.0] AndroidManifest.xml:29:17-115
68                android:value="com.google.firebase.components.ComponentRegistrar" />
68-->[com.google.firebase:firebase-datatransport:18.0.0] AndroidManifest.xml:30:17-82
69            <meta-data
69-->[com.google.firebase:firebase-installations:17.0.0] AndroidManifest.xml:18:13-20:85
70                android:name="com.google.firebase.components:com.google.firebase.installations.FirebaseInstallationsRegistrar"
70-->[com.google.firebase:firebase-installations:17.0.0] AndroidManifest.xml:19:17-127
71                android:value="com.google.firebase.components.ComponentRegistrar" />
71-->[com.google.firebase:firebase-installations:17.0.0] AndroidManifest.xml:20:17-82
72        </service>
73
74        <provider
74-->[com.google.firebase:firebase-common:20.0.0] AndroidManifest.xml:26:9-31:39
75            android:name="com.google.firebase.provider.FirebaseInitProvider"
75-->[com.google.firebase:firebase-common:20.0.0] AndroidManifest.xml:27:13-77
76            android:authorities="com.pushnotification.galactik.firebaseinitprovider"
76-->[com.google.firebase:firebase-common:20.0.0] AndroidManifest.xml:28:13-72
77            android:directBootAware="true"
77-->[com.google.firebase:firebase-common:20.0.0] AndroidManifest.xml:29:13-43
78            android:exported="false"
78-->[com.google.firebase:firebase-common:20.0.0] AndroidManifest.xml:30:13-37
79            android:initOrder="100" />
79-->[com.google.firebase:firebase-common:20.0.0] AndroidManifest.xml:31:13-36
80
81        <meta-data
81-->[com.google.android.gms:play-services-basement:17.0.0] AndroidManifest.xml:23:9-25:69
82            android:name="com.google.android.gms.version"
82-->[com.google.android.gms:play-services-basement:17.0.0] AndroidManifest.xml:24:13-58
83            android:value="@integer/google_play_services_version" />
83-->[com.google.android.gms:play-services-basement:17.0.0] AndroidManifest.xml:25:13-66
84
85        <service
85-->[com.google.android.datatransport:transport-backend-cct:3.0.0] AndroidManifest.xml:29:9-35:19
86            android:name="com.google.android.datatransport.runtime.backends.TransportBackendDiscovery"
86-->[com.google.android.datatransport:transport-backend-cct:3.0.0] AndroidManifest.xml:30:13-103
87            android:exported="false" >
87-->[com.google.android.datatransport:transport-backend-cct:3.0.0] AndroidManifest.xml:31:13-37
88            <meta-data
88-->[com.google.android.datatransport:transport-backend-cct:3.0.0] AndroidManifest.xml:32:13-34:39
89                android:name="backend:com.google.android.datatransport.cct.CctBackendFactory"
89-->[com.google.android.datatransport:transport-backend-cct:3.0.0] AndroidManifest.xml:33:17-94
90                android:value="cct" />
90-->[com.google.android.datatransport:transport-backend-cct:3.0.0] AndroidManifest.xml:34:17-36
91        </service>
92        <service
92-->[com.google.android.datatransport:transport-runtime:3.0.0] AndroidManifest.xml:26:9-30:19
93            android:name="com.google.android.datatransport.runtime.scheduling.jobscheduling.JobInfoSchedulerService"
93-->[com.google.android.datatransport:transport-runtime:3.0.0] AndroidManifest.xml:27:13-117
94            android:exported="false"
94-->[com.google.android.datatransport:transport-runtime:3.0.0] AndroidManifest.xml:28:13-37
95            android:permission="android.permission.BIND_JOB_SERVICE" >
95-->[com.google.android.datatransport:transport-runtime:3.0.0] AndroidManifest.xml:29:13-69
96        </service>
97
98        <receiver
98-->[com.google.android.datatransport:transport-runtime:3.0.0] AndroidManifest.xml:32:9-34:40
99            android:name="com.google.android.datatransport.runtime.scheduling.jobscheduling.AlarmManagerSchedulerBroadcastReceiver"
99-->[com.google.android.datatransport:transport-runtime:3.0.0] AndroidManifest.xml:33:13-132
100            android:exported="false" />
100-->[com.google.android.datatransport:transport-runtime:3.0.0] AndroidManifest.xml:34:13-37
101    </application>
102
103</manifest>